<?xml version="1.0" encoding="UTF-8"?>
<!-- Generated by org.testng.reporters.JUnitReportReporter -->
<testsuite hostname="Sakilroly" failures="0" tests="1" name="com.qa.NavaigateToWebpage.LandingPage" time="8.590" errors="0" timestamp="2024-01-08T18:59:30 CST" skipped="0">
  <testcase classname="com.qa.NavaigateToWebpage.LandingPage" name="navigateToWebpage" time="8.590"/>
</testsuite> <!-- com.qa.NavaigateToWebpage.LandingPage -->
