<?xml version="1.0" encoding="UTF-8"?>
<!-- Generated by org.testng.reporters.JUnitReportReporter -->
<testsuite hostname="Sakilroly" failures="0" tests="1" name="com.qa.NavaigateToWebpage.WebpageNavigation" time="9.792" errors="0" timestamp="2024-01-08T19:09:01 CST" skipped="0">
  <testcase classname="com.qa.NavaigateToWebpage.WebpageNavigation" name="webpageNavigation" time="9.792"/>
</testsuite> <!-- com.qa.NavaigateToWebpage.WebpageNavigation -->
