<?xml version="1.0" encoding="UTF-8"?>
<!-- Generated by org.testng.reporters.JUnitReportReporter -->
<testsuite hostname="Sakilroly" failures="0" tests="1" name="com.qa.NavaigateToWebpage.TutorialsninjaLogin" time="10.025" errors="0" timestamp="2024-01-08T18:58:48 CST" skipped="0">
  <testcase classname="com.qa.NavaigateToWebpage.TutorialsninjaLogin" name="loginWithValidCredentials" time="10.025"/>
</testsuite> <!-- com.qa.NavaigateToWebpage.TutorialsninjaLogin -->
